-------------------------------------------------------------------------------
Test set: runner.TestRunner
-------------------------------------------------------------------------------
Tests run: 7, Failures: 1, Errors: 0, Skipped: 0, Time elapsed: 13.42 s <<< FAILURE! -- in runner.TestRunner
API Tests for RMS.Scenario 1 - Basic response validation -- Time elapsed: 4.283 s <<< FAILURE!
java.lang.AssertionError: Response time exceeded limit: 1874 ms
	at org.junit.Assert.fail(Assert.java:89)
	at org.junit.Assert.assertTrue(Assert.java:42)
	at helperutil.BBCApiHelper.validateResponseTime(BBCApiHelper.java:46)
	at steps.BBCApiSteps.lambda$responseTimeShouldBeBelowMilliseconds$1(BBCApiSteps.java:40)
	at helperutil.BBCApiHelper.retry(BBCApiHelper.java:58)
	at steps.BBCApiSteps.responseTimeShouldBeBelowMilliseconds(BBCApiSteps.java:40)
	at ✽.response time should be below 1000 milliseconds(file:///C:/Users/pabhi/Music/takehometest-bbc-rms-api/src/test/resources/features/bbcApi.feature:6)

