<?xml version="1.0" encoding="UTF-8"?>
<testsuite xmlns:xsi="http://www.w3.org/2001/XMLSchema-instance" xsi:noNamespaceSchemaLocation="https://maven.apache.org/surefire/maven-surefire-plugin/xsd/surefire-test-report-3.0.xsd" version="3.0" name="runner.TestRunner" time="5.88" tests="7" errors="0" skipped="0" failures="0">
  <properties>
[...]
</properties>
  <testcase name="Scenario 1 - Basic response validation" classname="API Tests for RMS" time="2.282">
    <system-out><![CDATA[
Scenario: Scenario 1 - Basic response validation        # src/test/resources/features/bbcApi.feature:3
12:15:01.429 INFO  utils.Log - Starting Scenario: Scenario 1 - Basic response validation
12:15:01.439 INFO  utils.Log - Sending GET request to: https://testapi.io/api/RMSTest/ibltest
12:15:01.441 INFO  utils.Log - Sending GET request to endpoint: https://testapi.io/api/RMSTest/ibltest
12:15:03.188 INFO  utils.Log - Request sent successfully.
  Given I send a GET request to the configured endpoint # steps.BBCApiSteps.iSendAGetRequestTo()
12:15:03.188 INFO  utils.Log - Verifying status code: Expected = 200, Actual = 200
12:15:03.188 INFO  utils.Log - Status code verification passed.
  Then the response code should be 200                  # steps.BBCApiSteps.theResponseCodeShouldBe(int)
12:15:03.200 INFO  utils.Log - Actual response time: 918 ms
12:15:03.200 INFO  utils.Log - Response time is within acceptable range.
  And response time should be below 1000 milliseconds   # steps.BBCApiSteps.responseTimeShouldBeBelowMilliseconds(int)
12:15:03.203 INFO  utils.Log - Scenario passed: Scenario 1 - Basic response validation
]]></system-out>
  </testcase>
  <testcase name="Scenario 2 - ID and Episode type validation" classname="API Tests for RMS" time="0.644">
    <system-out><![CDATA[
Scenario: Scenario 2 - ID and Episode type validation                 # src/test/resources/features/bbcApi.feature:8
12:15:03.214 INFO  utils.Log - Starting Scenario: Scenario 2 - ID and Episode type validation
12:15:03.214 INFO  utils.Log - Sending GET request to: https://testapi.io/api/RMSTest/ibltest
12:15:03.214 INFO  utils.Log - Sending GET request to endpoint: https://testapi.io/api/RMSTest/ibltest
12:15:03.590 INFO  utils.Log - Request sent successfully.
  Given I send a GET request to the configured endpoint               # steps.BBCApiSteps.iSendAGetRequestTo()
12:15:03.863 INFO  utils.Log - Validating elements count = 5 and individual fields
12:15:03.863 INFO  utils.Log - Elements validated successfully.
  Then all elements should have non-empty id and episode type episode # steps.BBCApiSteps.allElementsShouldHaveNonEmptyIdAndEpisodeTypeEpisode()
12:15:03.863 INFO  utils.Log - Scenario passed: Scenario 2 - ID and Episode type validation
]]></system-out>
  </testcase>
  <testcase name="Scenario 3 - Title field validation for Episode" classname="API Tests for RMS" time="0.376">
    <system-out><![CDATA[
Scenario: Scenario 3 - Title field validation for Episode  # src/test/resources/features/bbcApi.feature:12
12:15:03.868 INFO  utils.Log - Starting Scenario: Scenario 3 - Title field validation for Episode
12:15:03.868 INFO  utils.Log - Sending GET request to: https://testapi.io/api/RMSTest/ibltest
12:15:03.868 INFO  utils.Log - Sending GET request to endpoint: https://testapi.io/api/RMSTest/ibltest
12:15:04.228 INFO  utils.Log - Request sent successfully.
  Given I send a GET request to the configured endpoint    # steps.BBCApiSteps.iSendAGetRequestTo()
12:15:04.234 INFO  utils.Log - Episode titles validated successfully.
  Then all episode titles should be non-null and non-empty # steps.BBCApiSteps.allEpisodeTitlesShouldBeNonNullAndNonEmpty()
12:15:04.234 INFO  utils.Log - Scenario passed: Scenario 3 - Title field validation for Episode
]]></system-out>
  </testcase>
  <testcase name="Scenario 4 - Only one episode is live validation" classname="API Tests for RMS" time="0.793">
    <system-out><![CDATA[
Scenario: Scenario 4 - Only one episode is live validation # src/test/resources/features/bbcApi.feature:16
12:15:04.241 INFO  utils.Log - Starting Scenario: Scenario 4 - Only one episode is live validation
12:15:04.243 INFO  utils.Log - Sending GET request to: https://testapi.io/api/RMSTest/ibltest
12:15:04.243 INFO  utils.Log - Sending GET request to endpoint: https://testapi.io/api/RMSTest/ibltest
12:15:04.570 INFO  utils.Log - Request sent successfully.
  Given I send a GET request to the configured endpoint    # steps.BBCApiSteps.iSendAGetRequestTo()
12:15:05.029 INFO  utils.Log - Only one episode is marked live.
  Then only one episode should be live                     # steps.BBCApiSteps.onlyOneEpisodeShouldBeLive()
12:15:05.029 INFO  utils.Log - Scenario passed: Scenario 4 - Only one episode is live validation
]]></system-out>
  </testcase>
  <testcase name="Scenario 5 - Transmission date validation" classname="API Tests for RMS" time="0.432">
    <system-out><![CDATA[
Scenario: Scenario 5 - Transmission date validation         # src/test/resources/features/bbcApi.feature:20
12:15:05.034 INFO  utils.Log - Starting Scenario: Scenario 5 - Transmission date validation
12:15:05.034 INFO  utils.Log - Sending GET request to: https://testapi.io/api/RMSTest/ibltest
12:15:05.034 INFO  utils.Log - Sending GET request to endpoint: https://testapi.io/api/RMSTest/ibltest
12:15:05.430 INFO  utils.Log - Request sent successfully.
  Given I send a GET request to the configured endpoint     # steps.BBCApiSteps.iSendAGetRequestTo()
12:15:05.466 INFO  utils.Log - Transmission dates validated successfully.
  Then transmission start should be before transmission end # steps.BBCApiSteps.transmissionStartShouldBeBeforeTransmissionEnd()
12:15:05.466 INFO  utils.Log - Scenario passed: Scenario 5 - Transmission date validation
]]></system-out>
  </testcase>
  <testcase name="Scenario 6 - Response header check Date Validation" classname="API Tests for RMS" time="0.377">
    <system-out><![CDATA[
Scenario: Scenario 6 - Response header check Date Validation # src/test/resources/features/bbcApi.feature:24
12:15:05.476 INFO  utils.Log - Starting Scenario: Scenario 6 - Response header check Date Validation
12:15:05.476 INFO  utils.Log - Sending GET request to: https://testapi.io/api/RMSTest/ibltest
12:15:05.476 INFO  utils.Log - Sending GET request to endpoint: https://testapi.io/api/RMSTest/ibltest
12:15:05.849 INFO  utils.Log - Request sent successfully.
  Given I send a GET request to the configured endpoint      # steps.BBCApiSteps.iSendAGetRequestTo()
12:15:05.849 INFO  utils.Log - 'Date' header is present: Tue, 12 Aug 2025 11:15:07 GMT
  Then response header should contain Date                   # steps.BBCApiSteps.responseHeaderShouldContainDate()
12:15:05.849 INFO  utils.Log - Scenario passed: Scenario 6 - Response header check Date Validation
]]></system-out>
  </testcase>
  <testcase name="Scenario 7 - 404 on invalid date - Validation of error fields on invalid path" classname="API Tests for RMS" time="0.298">
    <system-out><![CDATA[
Scenario: Scenario 7 - 404 on invalid date - Validation of error fields on invalid path # src/test/resources/features/bbcApi.feature:28
12:15:05.857 INFO  utils.Log - Starting Scenario: Scenario 7 - 404 on invalid date - Validation of error fields on invalid path
12:15:05.857 INFO  utils.Log - Sending GET request to invalid path: /ibltest/2023-09-11
12:15:05.857 INFO  utils.Log - Sending GET request to endpoint: https://testapi.io/api/RMSTest/ibltest/2023-09-11
12:15:06.153 INFO  utils.Log - Request sent successfully.
  Given I send a GET request to the invalid path                                        # steps.BBCApiSteps.i_send_get_request_to_invalid_path()
12:15:06.155 INFO  utils.Log - Verifying status code: Expected = 404, Actual = 404
12:15:06.155 INFO  utils.Log - Status code verification passed.
  Then the response code should be 404                                                  # steps.BBCApiSteps.theResponseCodeShouldBe(int)
12:15:06.155 INFO  utils.Log - Response contains expected key: details
  And the response should contain "details"                                             # steps.BBCApiSteps.theResponseShouldContain(java.lang.String)
12:15:06.155 INFO  utils.Log - Response contains expected key: http_response_code
  And the response should contain "http_response_code"                                  # steps.BBCApiSteps.theResponseShouldContain(java.lang.String)
12:15:06.155 INFO  utils.Log - Scenario passed: Scenario 7 - 404 on invalid date - Validation of error fields on invalid path
]]></system-out>
  </testcase>
</testsuite>