<?xml version="1.0" encoding="UTF-8"?>
<testsuite xmlns:xsi="http://www.w3.org/2001/XMLSchema-instance" xsi:noNamespaceSchemaLocation="https://maven.apache.org/surefire/maven-surefire-plugin/xsd/surefire-test-report-3.0.xsd" version="3.0" name="runner.TestRunner" time="13.417" tests="7" errors="0" skipped="0" failures="1">
  <properties>
[...]
</properties>
  <testcase name="Scenario 1 - Basic response validation" classname="API Tests for RMS" time="4.283">
    <failure message="Response time exceeded limit: 1874 ms" type="java.lang.AssertionError"><![CDATA[java.lang.AssertionError: Response time exceeded limit: 1874 ms
	at org.junit.Assert.fail(Assert.java:89)
	at org.junit.Assert.assertTrue(Assert.java:42)
	at helperutil.BBCApiHelper.validateResponseTime(BBCApiHelper.java:46)
	at steps.BBCApiSteps.lambda$responseTimeShouldBeBelowMilliseconds$1(BBCApiSteps.java:40)
	at helperutil.BBCApiHelper.retry(BBCApiHelper.java:58)
	at steps.BBCApiSteps.responseTimeShouldBeBelowMilliseconds(BBCApiSteps.java:40)
	at ✽.response time should be below 1000 milliseconds(file:///C:/Users/pabhi/Music/takehometest-bbc-rms-api/src/test/resources/features/bbcApi.feature:6)
]]></failure>
    <system-out><![CDATA[
Scenario: Scenario 1 - Basic response validation        # src/test/resources/features/bbcApi.feature:3
09:19:19.789 INFO  utils.Log - Starting Scenario: Scenario 1 - Basic response validation
09:19:19.805 INFO  utils.Log - Sending GET request to: https://testapi.io/api/RMSTest/ibltest
09:19:19.805 INFO  utils.Log - Sending GET request to endpoint: https://testapi.io/api/RMSTest/ibltest
09:19:22.643 INFO  utils.Log - Request sent successfully.
  Given I send a GET request to the configured endpoint # steps.BBCApiSteps.iSendAGetRequestTo()
09:19:22.649 INFO  utils.Log - Verifying status code: Expected = 200, Actual = 200
09:19:22.652 INFO  utils.Log - Status code verification passed.
  Then the response code should be 200                  # steps.BBCApiSteps.theResponseCodeShouldBe(int)
09:19:22.655 INFO  utils.Log - Actual response time: 1874 ms
09:19:23.160 INFO  utils.Log - Actual response time: 1874 ms
09:19:23.669 INFO  utils.Log - Actual response time: 1874 ms
  And response time should be below 1000 milliseconds   # steps.BBCApiSteps.responseTimeShouldBeBelowMilliseconds(int)
      java.lang.AssertionError: Response time exceeded limit: 1874 ms
	at org.junit.Assert.fail(Assert.java:89)
	at org.junit.Assert.assertTrue(Assert.java:42)
	at helperutil.BBCApiHelper.validateResponseTime(BBCApiHelper.java:46)
	at steps.BBCApiSteps.lambda$responseTimeShouldBeBelowMilliseconds$1(BBCApiSteps.java:40)
	at helperutil.BBCApiHelper.retry(BBCApiHelper.java:58)
	at steps.BBCApiSteps.responseTimeShouldBeBelowMilliseconds(BBCApiSteps.java:40)
	at ✽.response time should be below 1000 milliseconds(file:///C:/Users/pabhi/Music/takehometest-bbc-rms-api/src/test/resources/features/bbcApi.feature:6)

09:19:23.681 ERROR utils.Log - Scenario failed: Scenario 1 - Basic response validation - FAILED
]]></system-out>
  </testcase>
  <testcase name="Scenario 2 - ID and Episode type validation" classname="API Tests for RMS" time="1.233">
    <system-out><![CDATA[
Scenario: Scenario 2 - ID and Episode type validation                 # src/test/resources/features/bbcApi.feature:8
09:19:23.726 INFO  utils.Log - Starting Scenario: Scenario 2 - ID and Episode type validation
09:19:23.726 INFO  utils.Log - Sending GET request to: https://testapi.io/api/RMSTest/ibltest
09:19:23.726 INFO  utils.Log - Sending GET request to endpoint: https://testapi.io/api/RMSTest/ibltest
09:19:24.537 INFO  utils.Log - Request sent successfully.
  Given I send a GET request to the configured endpoint               # steps.BBCApiSteps.iSendAGetRequestTo()
09:19:24.962 INFO  utils.Log - Validating elements count = 5 and individual fields
09:19:24.965 INFO  utils.Log - Elements validated successfully.
  Then all elements should have non-empty id and episode type episode # steps.BBCApiSteps.allElementsShouldHaveNonEmptyIdAndEpisodeTypeEpisode()
09:19:24.965 INFO  utils.Log - Scenario passed: Scenario 2 - ID and Episode type validation - PASSED
]]></system-out>
  </testcase>
  <testcase name="Scenario 3 - Title field validation for Episode" classname="API Tests for RMS" time="1.636">
    <system-out><![CDATA[
Scenario: Scenario 3 - Title field validation for Episode  # src/test/resources/features/bbcApi.feature:12
09:19:24.970 INFO  utils.Log - Starting Scenario: Scenario 3 - Title field validation for Episode
09:19:24.972 INFO  utils.Log - Sending GET request to: https://testapi.io/api/RMSTest/ibltest
09:19:24.972 INFO  utils.Log - Sending GET request to endpoint: https://testapi.io/api/RMSTest/ibltest
09:19:26.582 INFO  utils.Log - Request sent successfully.
  Given I send a GET request to the configured endpoint    # steps.BBCApiSteps.iSendAGetRequestTo()
09:19:26.592 INFO  utils.Log - Episode titles validated successfully.
  Then all episode titles should be non-null and non-empty # steps.BBCApiSteps.allEpisodeTitlesShouldBeNonNullAndNonEmpty()
09:19:26.604 INFO  utils.Log - Scenario passed: Scenario 3 - Title field validation for Episode - PASSED
]]></system-out>
  </testcase>
  <testcase name="Scenario 4 - Only one episode is live validation" classname="API Tests for RMS" time="1.232">
    <system-out><![CDATA[
Scenario: Scenario 4 - Only one episode is live validation # src/test/resources/features/bbcApi.feature:16
09:19:26.611 INFO  utils.Log - Starting Scenario: Scenario 4 - Only one episode is live validation
09:19:26.611 INFO  utils.Log - Sending GET request to: https://testapi.io/api/RMSTest/ibltest
09:19:26.611 INFO  utils.Log - Sending GET request to endpoint: https://testapi.io/api/RMSTest/ibltest
09:19:27.809 INFO  utils.Log - Request sent successfully.
  Given I send a GET request to the configured endpoint    # steps.BBCApiSteps.iSendAGetRequestTo()
09:19:27.832 INFO  utils.Log - Only one episode is marked live.
  Then only one episode should be live                     # steps.BBCApiSteps.onlyOneEpisodeShouldBeLive()
09:19:27.835 INFO  utils.Log - Scenario passed: Scenario 4 - Only one episode is live validation - PASSED
]]></system-out>
  </testcase>
  <testcase name="Scenario 5 - Transmission date validation" classname="API Tests for RMS" time="1.222">
    <system-out><![CDATA[
Scenario: Scenario 5 - Transmission date validation         # src/test/resources/features/bbcApi.feature:20
09:19:27.843 INFO  utils.Log - Starting Scenario: Scenario 5 - Transmission date validation
09:19:27.843 INFO  utils.Log - Sending GET request to: https://testapi.io/api/RMSTest/ibltest
09:19:27.845 INFO  utils.Log - Sending GET request to endpoint: https://testapi.io/api/RMSTest/ibltest
09:19:29.038 INFO  utils.Log - Request sent successfully.
  Given I send a GET request to the configured endpoint     # steps.BBCApiSteps.iSendAGetRequestTo()
09:19:29.054 INFO  utils.Log - Transmission dates validated successfully.
  Then transmission start should be before transmission end # steps.BBCApiSteps.transmissionStartShouldBeBeforeTransmissionEnd()
09:19:29.054 INFO  utils.Log - Scenario passed: Scenario 5 - Transmission date validation - PASSED
]]></system-out>
  </testcase>
  <testcase name="Scenario 6 - Response header check Date Validation" classname="API Tests for RMS" time="1.213">
    <system-out><![CDATA[
Scenario: Scenario 6 - Response header check Date Validation # src/test/resources/features/bbcApi.feature:24
09:19:29.063 INFO  utils.Log - Starting Scenario: Scenario 6 - Response header check Date Validation
09:19:29.063 INFO  utils.Log - Sending GET request to: https://testapi.io/api/RMSTest/ibltest
09:19:29.063 INFO  utils.Log - Sending GET request to endpoint: https://testapi.io/api/RMSTest/ibltest
09:19:30.265 INFO  utils.Log - Request sent successfully.
  Given I send a GET request to the configured endpoint      # steps.BBCApiSteps.iSendAGetRequestTo()
09:19:30.267 INFO  utils.Log - 'Date' header is present: Wed, 13 Aug 2025 08:19:30 GMT
  Then response header should contain Date                   # steps.BBCApiSteps.responseHeaderShouldContainDate()
09:19:30.269 INFO  utils.Log - Scenario passed: Scenario 6 - Response header check Date Validation - PASSED
]]></system-out>
  </testcase>
  <testcase name="Scenario 7 - 404 on invalid date - Validation of error fields on invalid path" classname="API Tests for RMS" time="1.689">
    <system-out><![CDATA[
Scenario: Scenario 7 - 404 on invalid date - Validation of error fields on invalid path # src/test/resources/features/bbcApi.feature:28
09:19:30.278 INFO  utils.Log - Starting Scenario: Scenario 7 - 404 on invalid date - Validation of error fields on invalid path
09:19:30.278 INFO  utils.Log - Sending GET request to invalid path: /ibltest/2023-09-11
09:19:30.278 INFO  utils.Log - Sending GET request to endpoint: https://testapi.io/api/RMSTest/ibltest/2023-09-11
09:19:31.953 INFO  utils.Log - Request sent successfully.
  Given I send a GET request to the invalid path                                        # steps.BBCApiSteps.i_send_get_request_to_invalid_path()
09:19:31.956 INFO  utils.Log - Verifying status code: Expected = 404, Actual = 404
09:19:31.956 INFO  utils.Log - Status code verification passed.
  Then the response code should be 404                                                  # steps.BBCApiSteps.theResponseCodeShouldBe(int)
09:19:31.958 INFO  utils.Log - Response contains expected key: details
  And the response should contain "details"                                             # steps.BBCApiSteps.theResponseShouldContain(java.lang.String)
09:19:31.958 INFO  utils.Log - Response contains expected key: http_response_code
  And the response should contain "http_response_code"                                  # steps.BBCApiSteps.theResponseShouldContain(java.lang.String)
09:19:31.958 INFO  utils.Log - Scenario passed: Scenario 7 - 404 on invalid date - Validation of error fields on invalid path - PASSED
]]></system-out>
  </testcase>
</testsuite>